#
# There is insufficient memory for the Java Runtime Environment to continue.
# Native memory allocation (malloc) failed to allocate 1241312 bytes for Chunk::new
# Possible reasons:
#   The system is out of physical RAM or swap space
#   In 32 bit mode, the process size limit was hit
# Possible solutions:
#   Reduce memory load on the system
#   Increase physical memory or swap space
#   Check if swap backing store is full
#   Use 64 bit Java on a 64 bit OS
#   Decrease Java heap size (-Xmx/-Xms)
#   Decrease number of Java threads
#   Decrease Java thread stack sizes (-Xss)
#   Set larger code cache with -XX:ReservedCodeCacheSize=
# This output file may be truncated or incomplete.
#
#  Out of Memory Error (allocation.cpp:390), pid=13716, tid=0x0000000000000ca0
#
# JRE version: Java(TM) SE Runtime Environment (8.0_144-b01) (build 1.8.0_144-b01)
# Java VM: Java HotSpot(TM) 64-Bit Server VM (25.144-b01 mixed mode windows-amd64 compressed oops)
# Failed to write core dump. Minidumps are not enabled by default on client versions of Windows
#

---------------  T H R E A D  ---------------

Current thread (0x0000000020468800):  JavaThread "C2 CompilerThread0" daemon [_thread_in_native, id=3232, stack(0x0000000020d30000,0x0000000020e30000)]

Stack: [0x0000000020d30000,0x0000000020e30000]
[error occurred during error reporting (printing stack bounds), id 0xc0000005]

Native frames: (J=compiled Java code, j=interpreted, Vv=VM code, C=native code)


Current CompileTask:
C2:   3453 1370       4       br.ufsc.ftsm.related.UMS::getSimilarity (1055 bytes)


---------------  P R O C E S S  ---------------

Java Threads: ( => current thread )
  0x00000000236e0800 JavaThread "pool-1-thread-5" [_thread_in_Java, id=13140, stack(0x00000000248f0000,0x00000000249f0000)]
  0x00000000229de800 JavaThread "pool-1-thread-4" [_thread_in_Java, id=8968, stack(0x00000000247f0000,0x00000000248f0000)]
  0x0000000022647000 JavaThread "pool-1-thread-3" [_thread_in_Java, id=8268, stack(0x00000000246f0000,0x00000000247f0000)]
  0x0000000021e9c000 JavaThread "pool-1-thread-2" [_thread_in_Java, id=12400, stack(0x00000000245f0000,0x00000000246f0000)]
  0x00000000222a0800 JavaThread "pool-1-thread-1" [_thread_in_Java, id=5800, stack(0x00000000244f0000,0x00000000245f0000)]
  0x0000000021447000 JavaThread "ReaderThread" [_thread_in_native, id=14952, stack(0x0000000021b30000,0x0000000021c30000)]
  0x0000000020507800 JavaThread "Service Thread" daemon [_thread_blocked, id=15084, stack(0x0000000021130000,0x0000000021230000)]
  0x0000000020470800 JavaThread "C1 CompilerThread3" daemon [_thread_blocked, id=14308, stack(0x0000000021030000,0x0000000021130000)]
  0x000000002046d000 JavaThread "C2 CompilerThread2" daemon [_thread_blocked, id=8980, stack(0x0000000020f30000,0x0000000021030000)]
  0x000000002046b000 JavaThread "C2 CompilerThread1" daemon [_thread_blocked, id=3032, stack(0x0000000020e30000,0x0000000020f30000)]
=>0x0000000020468800 JavaThread "C2 CompilerThread0" daemon [_thread_in_native, id=3232, stack(0x0000000020d30000,0x0000000020e30000)]
  0x0000000020463800 JavaThread "Attach Listener" daemon [_thread_blocked, id=8664, stack(0x0000000020c30000,0x0000000020d30000)]
  0x0000000020462800 JavaThread "Signal Dispatcher" daemon [_thread_blocked, id=14628, stack(0x0000000020b30000,0x0000000020c30000)]
  0x0000000020451800 JavaThread "Finalizer" daemon [_thread_blocked, id=12184, stack(0x0000000020830000,0x0000000020930000)]
  0x0000000004af8000 JavaThread "Reference Handler" daemon [_thread_blocked, id=15272, stack(0x0000000020330000,0x0000000020430000)]
  0x0000000004a03800 JavaThread "main" [_thread_in_Java, id=2884, stack(0x0000000004860000,0x0000000004960000)]

Other Threads:
  0x000000001e559800 VMThread [stack: 0x0000000020230000,0x0000000020330000] [id=3024]
  0x000000002051c000 WatcherThread [stack: 0x0000000021230000,0x0000000021330000] [id=5188]

VM state:not at safepoint (normal execution)

VM Mutex/Monitor currently owned by a thread: None

Heap:
 PSYoungGen      total 272896K, used 165166K [0x000000076b180000, 0x000000077c680000, 0x00000007c0000000)
  eden space 262144K, 58% used [0x000000076b180000,0x0000000774852788,0x000000077b180000)
  from space 10752K, 99% used [0x000000077b180000,0x000000077bbf9158,0x000000077bc00000)
  to   space 10752K, 0% used [0x000000077bc00000,0x000000077bc00000,0x000000077c680000)
 ParOldGen       total 175104K, used 78626K [0x00000006c1400000, 0x00000006cbf00000, 0x000000076b180000)
  object space 175104K, 44% used [0x00000006c1400000,0x00000006c60c8ae8,0x00000006cbf00000)
 Metaspace       used 9830K, capacity 10064K, committed 10240K, reserved 1058816K
  class space    used 1120K, capacity 1204K, committed 1280K, reserved 1048576K

Card table byte_map: [0x0000000013ec0000,0x00000000146c0000] byte_map_base: 0x00000000108b6000

Marking Bits: (ParMarkBitMap*) 0x000000007139d850
 Begin Bits: [0x0000000015410000, 0x00000000193c0000)
 End Bits:   [0x00000000193c0000, 0x000000001d370000)

Polling page: 0x0000000002ff0000

CodeCache: size=245760Kb used=5899Kb max_used=5905Kb free=239860Kb
 bounds [0x0000000004b00000, 0x00000000050d0000, 0x0000000013b00000]
 total_blobs=1763 nmethods=1379 adapters=297
 compilation: enabled

Compilation events (10 events):
Event: 3.223 Thread 0x0000000020470800 nmethod 1376 0x00000000050908d0 code [0x0000000005090a80, 0x0000000005090f68]
Event: 3.223 Thread 0x0000000020470800 1377       3       br.ufsc.lehmann.msm.artigo.classifiers.SMSMClassifier::distance (9 bytes)
Event: 3.223 Thread 0x0000000020470800 nmethod 1377 0x0000000005095a50 code [0x0000000005095be0, 0x0000000005095e48]
Event: 3.248 Thread 0x000000002046d000 nmethod 1374 0x00000000050b5910 code [0x00000000050b5c40, 0x00000000050b7b30]
Event: 3.291 Thread 0x000000002046b000 1378       4       java.util.Arrays::deepEquals0 (341 bytes)
Event: 3.296 Thread 0x000000002046b000 nmethod 1378 0x000000000508ce90 code [0x000000000508d040, 0x000000000508d4a8]
Event: 3.337 Thread 0x000000002046d000 1379       4       br.ufsc.lehmann.SMSM$H_MSM_MoveSemanticParameters::score (93 bytes)
Event: 3.338 Thread 0x000000002046b000 1380       4       br.ufsc.lehmann.EllipsesDistance::distance (89 bytes)
Event: 3.341 Thread 0x000000002046b000 nmethod 1380 0x000000000508f710 code [0x000000000508f8c0, 0x000000000508fb70]
Event: 3.351 Thread 0x000000002046d000 nmethod 1379 0x00000000050b3610 code [0x00000000050b3840, 0x00000000050b4330]

GC Heap History (10 events):
Event: 1.132 GC heap before
{Heap before GC invocations=1 (full 0):
 PSYoungGen      total 76288K, used 65536K [0x000000076b180000, 0x0000000770680000, 0x00000007c0000000)
  eden space 65536K, 100% used [0x000000076b180000,0x000000076f180000,0x000000076f180000)
  from space 10752K, 0% used [0x000000076fc00000,0x000000076fc00000,0x0000000770680000)
  to   space 10752K, 0% used [0x000000076f180000,0x000000076f180000,0x000000076fc00000)
 ParOldGen       total 175104K, used 0K [0x00000006c1400000, 0x00000006cbf00000, 0x000000076b180000)
  object space 175104K, 0% used [0x00000006c1400000,0x00000006c1400000,0x00000006cbf00000)
 Metaspace       used 8654K, capacity 8852K, committed 9088K, reserved 1056768K
  class space    used 974K, capacity 1042K, committed 1152K, reserved 1048576K
Event: 1.152 GC heap after
Heap after GC invocations=1 (full 0):
 PSYoungGen      total 76288K, used 10720K [0x000000076b180000, 0x0000000774680000, 0x00000007c0000000)
  eden space 65536K, 0% used [0x000000076b180000,0x000000076b180000,0x000000076f180000)
  from space 10752K, 99% used [0x000000076f180000,0x000000076fbf8010,0x000000076fc00000)
  to   space 10752K, 0% used [0x0000000773c00000,0x0000000773c00000,0x0000000774680000)
 ParOldGen       total 175104K, used 30901K [0x00000006c1400000, 0x00000006cbf00000, 0x000000076b180000)
  object space 175104K, 17% used [0x00000006c1400000,0x00000006c322d738,0x00000006cbf00000)
 Metaspace       used 8654K, capacity 8852K, committed 9088K, reserved 1056768K
  class space    used 974K, capacity 1042K, committed 1152K, reserved 1048576K
}
Event: 1.309 GC heap before
{Heap before GC invocations=2 (full 0):
 PSYoungGen      total 76288K, used 76256K [0x000000076b180000, 0x0000000774680000, 0x00000007c0000000)
  eden space 65536K, 100% used [0x000000076b180000,0x000000076f180000,0x000000076f180000)
  from space 10752K, 99% used [0x000000076f180000,0x000000076fbf8010,0x000000076fc00000)
  to   space 10752K, 0% used [0x0000000773c00000,0x0000000773c00000,0x0000000774680000)
 ParOldGen       total 175104K, used 30901K [0x00000006c1400000, 0x00000006cbf00000, 0x000000076b180000)
  object space 175104K, 17% used [0x00000006c1400000,0x00000006c322d738,0x00000006cbf00000)
 Metaspace       used 8692K, capacity 8916K, committed 9088K, reserved 1056768K
  class space    used 974K, capacity 1042K, committed 1152K, reserved 1048576K
Event: 1.327 GC heap after
Heap after GC invocations=2 (full 0):
 PSYoungGen      total 141824K, used 10736K [0x000000076b180000, 0x0000000774680000, 0x00000007c0000000)
  eden space 131072K, 0% used [0x000000076b180000,0x000000076b180000,0x0000000773180000)
  from space 10752K, 99% used [0x0000000773c00000,0x000000077467c040,0x0000000774680000)
  to   space 10752K, 0% used [0x0000000773180000,0x0000000773180000,0x0000000773c00000)
 ParOldGen       total 175104K, used 56941K [0x00000006c1400000, 0x00000006cbf00000, 0x000000076b180000)
  object space 175104K, 32% used [0x00000006c1400000,0x00000006c4b9b738,0x00000006cbf00000)
 Metaspace       used 8692K, capacity 8916K, committed 9088K, reserved 1056768K
  class space    used 974K, capacity 1042K, committed 1152K, reserved 1048576K
}
Event: 1.460 GC heap before
{Heap before GC invocations=3 (full 0):
 PSYoungGen      total 141824K, used 141808K [0x000000076b180000, 0x0000000774680000, 0x00000007c0000000)
  eden space 131072K, 100% used [0x000000076b180000,0x0000000773180000,0x0000000773180000)
  from space 10752K, 99% used [0x0000000773c00000,0x000000077467c040,0x0000000774680000)
  to   space 10752K, 0% used [0x0000000773180000,0x0000000773180000,0x0000000773c00000)
 ParOldGen       total 175104K, used 56941K [0x00000006c1400000, 0x00000006cbf00000, 0x000000076b180000)
  object space 175104K, 32% used [0x00000006c1400000,0x00000006c4b9b738,0x00000006cbf00000)
 Metaspace       used 9073K, capacity 9300K, committed 9600K, reserved 1058816K
  class space    used 1028K, capacity 1106K, committed 1152K, reserved 1048576K
Event: 1.476 GC heap after
Heap after GC invocations=3 (full 0):
 PSYoungGen      total 141824K, used 10736K [0x000000076b180000, 0x000000077c680000, 0x00000007c0000000)
  eden space 131072K, 0% used [0x000000076b180000,0x000000076b180000,0x0000000773180000)
  from space 10752K, 99% used [0x0000000773180000,0x0000000773bfc010,0x0000000773c00000)
  to   space 10752K, 0% used [0x000000077bc00000,0x000000077bc00000,0x000000077c680000)
 ParOldGen       total 175104K, used 69542K [0x00000006c1400000, 0x00000006cbf00000, 0x000000076b180000)
  object space 175104K, 39% used [0x00000006c1400000,0x00000006c57e9a60,0x00000006cbf00000)
 Metaspace       used 9073K, capacity 9300K, committed 9600K, reserved 1058816K
  class space    used 1028K, capacity 1106K, committed 1152K, reserved 1048576K
}
Event: 2.027 GC heap before
{Heap before GC invocations=4 (full 0):
 PSYoungGen      total 141824K, used 141808K [0x000000076b180000, 0x000000077c680000, 0x00000007c0000000)
  eden space 131072K, 100% used [0x000000076b180000,0x0000000773180000,0x0000000773180000)
  from space 10752K, 99% used [0x0000000773180000,0x0000000773bfc010,0x0000000773c00000)
  to   space 10752K, 0% used [0x000000077bc00000,0x000000077bc00000,0x000000077c680000)
 ParOldGen       total 175104K, used 69542K [0x00000006c1400000, 0x00000006cbf00000, 0x000000076b180000)
  object space 175104K, 39% used [0x00000006c1400000,0x00000006c57e9a60,0x00000006cbf00000)
 Metaspace       used 9813K, capacity 10064K, committed 10240K, reserved 1058816K
  class space    used 1120K, capacity 1204K, committed 1280K, reserved 1048576K
Event: 2.045 GC heap after
Heap after GC invocations=4 (full 0):
 PSYoungGen      total 272896K, used 10740K [0x000000076b180000, 0x000000077c680000, 0x00000007c0000000)
  eden space 262144K, 0% used [0x000000076b180000,0x000000076b180000,0x000000077b180000)
  from space 10752K, 99% used [0x000000077bc00000,0x000000077c67d168,0x000000077c680000)
  to   space 10752K, 0% used [0x000000077b180000,0x000000077b180000,0x000000077bc00000)
 ParOldGen       total 175104K, used 78498K [0x00000006c1400000, 0x00000006cbf00000, 0x000000076b180000)
  object space 175104K, 44% used [0x00000006c1400000,0x00000006c60a8ae8,0x00000006cbf00000)
 Metaspace       used 9813K, capacity 10064K, committed 10240K, reserved 1058816K
  class space    used 1120K, capacity 1204K, committed 1280K, reserved 1048576K
}
Event: 3.139 GC heap before
{Heap before GC invocations=5 (full 0):
 PSYoungGen      total 272896K, used 272884K [0x000000076b180000, 0x000000077c680000, 0x00000007c0000000)
  eden space 262144K, 100% used [0x000000076b180000,0x000000077b180000,0x000000077b180000)
  from space 10752K, 99% used [0x000000077bc00000,0x000000077c67d168,0x000000077c680000)
  to   space 10752K, 0% used [0x000000077b180000,0x000000077b180000,0x000000077bc00000)
 ParOldGen       total 175104K, used 78498K [0x00000006c1400000, 0x00000006cbf00000, 0x000000076b180000)
  object space 175104K, 44% used [0x00000006c1400000,0x00000006c60a8ae8,0x00000006cbf00000)
 Metaspace       used 9828K, capacity 10064K, committed 10240K, reserved 1058816K
  class space    used 1120K, capacity 1204K, committed 1280K, reserved 1048576K
Event: 3.146 GC heap after
Heap after GC invocations=5 (full 0):
 PSYoungGen      total 272896K, used 10724K [0x000000076b180000, 0x000000077c680000, 0x00000007c0000000)
  eden space 262144K, 0% used [0x000000076b180000,0x000000076b180000,0x000000077b180000)
  from space 10752K, 99% used [0x000000077b180000,0x000000077bbf9158,0x000000077bc00000)
  to   space 10752K, 0% used [0x000000077bc00000,0x000000077bc00000,0x000000077c680000)
 ParOldGen       total 175104K, used 78626K [0x00000006c1400000, 0x00000006cbf00000, 0x000000076b180000)
  object space 175104K, 44% used [0x00000006c1400000,0x00000006c60c8ae8,0x00000006cbf00000)
 Metaspace       used 9828K, capacity 10064K, committed 10240K, reserved 1058816K
  class space    used 1120K, capacity 1204K, committed 1280K, reserved 1048576K
}

Deoptimization events (10 events):
Event: 1.612 Thread 0x0000000004a03800 Uncommon trap: reason=unstable_if action=reinterpret pc=0x0000000004fe9a88 method=br.ufsc.lehmann.msm.artigo.classifiers.validation.Validation$DelayedDistanceMeasure.compareTo(Ljava/util/concurrent/Delayed;)I @ 40
Event: 1.612 Thread 0x0000000004a03800 Uncommon trap: reason=unstable_if action=reinterpret pc=0x0000000004feba4c method=br.ufsc.lehmann.msm.artigo.classifiers.validation.Validation$DelayedDistanceMeasure.compareTo(Ljava/util/concurrent/Delayed;)I @ 40
Event: 1.612 Thread 0x0000000004a03800 Uncommon trap: reason=unstable_if action=reinterpret pc=0x0000000004feca40 method=br.ufsc.lehmann.msm.artigo.classifiers.validation.Validation$DelayedDistanceMeasure.compareTo(Ljava/util/concurrent/Delayed;)I @ 40
Event: 1.612 Thread 0x0000000004a03800 Uncommon trap: reason=unstable_if action=reinterpret pc=0x0000000004fed334 method=br.ufsc.lehmann.msm.artigo.classifiers.validation.Validation$DelayedDistanceMeasure.compareTo(Ljava/util/concurrent/Delayed;)I @ 40
Event: 1.627 Thread 0x0000000004a03800 Uncommon trap: reason=unstable_if action=reinterpret pc=0x0000000004ff9c90 method=java.util.PriorityQueue.siftDownComparable(ILjava/lang/Object;)V @ 47
Event: 2.183 Thread 0x0000000021e9c000 Uncommon trap: reason=unstable_if action=reinterpret pc=0x000000000507f764 method=br.ufsc.ftsm.related.UMS.getSimilarity(Lbr/ufsc/ftsm/base/ETrajectory;Lbr/ufsc/ftsm/base/ETrajectory;)D @ 713
Event: 2.260 Thread 0x0000000022647000 Uncommon trap: reason=unstable_if action=reinterpret pc=0x000000000502f618 method=java.util.concurrent.locks.AbstractQueuedSynchronizer.release(I)Z @ 14
Event: 2.268 Thread 0x00000000229de800 Uncommon trap: reason=unstable_if action=reinterpret pc=0x0000000004fd9d28 method=java.util.concurrent.locks.AbstractQueuedSynchronizer.release(I)Z @ 14
Event: 2.677 Thread 0x00000000222a0800 Uncommon trap: reason=unstable_if action=reinterpret pc=0x0000000005070c50 method=br.ufsc.core.trajectory.StopSemantic.distance(Lbr/ufsc/core/trajectory/semantic/Stop;Lbr/ufsc/core/trajectory/semantic/Stop;)D @ 2
Event: 2.683 Thread 0x0000000021e9c000 Uncommon trap: reason=unstable_if action=reinterpret pc=0x00000000050a42bc method=br.ufsc.ftsm.related.UMS.getSimilarity(Lbr/ufsc/ftsm/base/ETrajectory;Lbr/ufsc/ftsm/base/ETrajectory;)D @ 313

Internal exceptions (10 events):
Event: 0.278 Thread 0x0000000004a03800 Exception <a 'java/lang/NoSuchFieldError': method resolution failed> (0x000000076bbdd388) thrown at [C:\re\workspace\8-2-build-windows-amd64-cygwin\jdk8u144\9417\hotspot\src\share\vm\prims\methodHandles.cpp, line 1146]
Event: 0.279 Thread 0x0000000004a03800 Exception <a 'java/lang/NoSuchFieldError': method resolution failed> (0x000000076bbeaa78) thrown at [C:\re\workspace\8-2-build-windows-amd64-cygwin\jdk8u144\9417\hotspot\src\share\vm\prims\methodHandles.cpp, line 1146]
Event: 0.316 Thread 0x0000000004a03800 Exception <a 'java/security/PrivilegedActionException'> (0x000000076bd789d8) thrown at [C:\re\workspace\8-2-build-windows-amd64-cygwin\jdk8u144\9417\hotspot\src\share\vm\prims\jvm.cpp, line 1390]
Event: 0.316 Thread 0x0000000004a03800 Exception <a 'java/security/PrivilegedActionException'> (0x000000076bd78dd0) thrown at [C:\re\workspace\8-2-build-windows-amd64-cygwin\jdk8u144\9417\hotspot\src\share\vm\prims\jvm.cpp, line 1390]
Event: 0.316 Thread 0x0000000004a03800 Exception <a 'java/security/PrivilegedActionException'> (0x000000076bd7d0b0) thrown at [C:\re\workspace\8-2-build-windows-amd64-cygwin\jdk8u144\9417\hotspot\src\share\vm\prims\jvm.cpp, line 1390]
Event: 0.316 Thread 0x0000000004a03800 Exception <a 'java/security/PrivilegedActionException'> (0x000000076bd7d4a8) thrown at [C:\re\workspace\8-2-build-windows-amd64-cygwin\jdk8u144\9417\hotspot\src\share\vm\prims\jvm.cpp, line 1390]
Event: 0.380 Thread 0x0000000004a03800 Implicit null exception at 0x0000000004cc7194 to 0x0000000004cc754d
Event: 0.536 Thread 0x0000000004a03800 Implicit null exception at 0x0000000004e1f5b4 to 0x0000000004e1fa81
Event: 1.126 Thread 0x0000000004a03800 Implicit null exception at 0x0000000004e67e22 to 0x0000000004e68f79
Event: 1.127 Thread 0x0000000004a03800 Implicit null exception at 0x0000000004e4e5d2 to 0x0000000004e4e96d

Events (10 events):
Event: 2.268 Thread 0x00000000229de800 DEOPT PACKING pc=0x0000000004fd9d28 sp=0x00000000248eed20
Event: 2.268 Thread 0x00000000229de800 DEOPT UNPACKING pc=0x0000000004b4582a sp=0x00000000248eecd0 mode 2
Event: 2.677 Thread 0x00000000222a0800 Uncommon trap: trap_request=0xffffff65 fr.pc=0x0000000005070c50
Event: 2.677 Thread 0x00000000222a0800 DEOPT PACKING pc=0x0000000005070c50 sp=0x00000000245ef040
Event: 2.677 Thread 0x00000000222a0800 DEOPT UNPACKING pc=0x0000000004b4582a sp=0x00000000245eef08 mode 2
Event: 2.683 Thread 0x0000000021e9c000 Uncommon trap: trap_request=0xffffff65 fr.pc=0x00000000050a42bc
Event: 2.683 Thread 0x0000000021e9c000 DEOPT PACKING pc=0x00000000050a42bc sp=0x00000000246ee930
Event: 2.683 Thread 0x0000000021e9c000 DEOPT UNPACKING pc=0x0000000004b4582a sp=0x00000000246ee8f0 mode 2
Event: 3.139 Executing VM operation: ParallelGCFailedAllocation
Event: 3.146 Executing VM operation: ParallelGCFailedAllocation done


Dynamic libraries:
0x00007ff694990000 - 0x00007ff6949c7000 	C:\Program Files\Java\jdk1.8.0_144\bin\javaw.exe
0x00007ffe15090000 - 0x00007ffe15270000 	C:\WINDOWS\SYSTEM32\ntdll.dll
0x00007ffe12d30000 - 0x00007ffe12dde000 	C:\WINDOWS\System32\KERNEL32.DLL
0x00007ffe11be0000 - 0x00007ffe11e46000 	C:\WINDOWS\System32\KERNELBASE.dll
0x00007ffe12560000 - 0x00007ffe12601000 	C:\WINDOWS\System32\ADVAPI32.dll
0x00007ffe12c90000 - 0x00007ffe12d2d000 	C:\WINDOWS\System32\msvcrt.dll
0x00007ffe14e30000 - 0x00007ffe14e8b000 	C:\WINDOWS\System32\sechost.dll
0x00007ffe12610000 - 0x00007ffe1272f000 	C:\WINDOWS\System32\RPCRT4.dll
0x00007ffe12b00000 - 0x00007ffe12c8f000 	C:\WINDOWS\System32\USER32.dll
0x00007ffe122d0000 - 0x00007ffe122f0000 	C:\WINDOWS\System32\win32u.dll
0x00007ffe12de0000 - 0x00007ffe12e08000 	C:\WINDOWS\System32\GDI32.dll
0x00007ffe12130000 - 0x00007ffe122c3000 	C:\WINDOWS\System32\gdi32full.dll
0x00007ffe124c0000 - 0x00007ffe1255b000 	C:\WINDOWS\System32\msvcp_win.dll
0x00007ffe11e50000 - 0x00007ffe11f46000 	C:\WINDOWS\System32\ucrtbase.dll
0x00007ffe04590000 - 0x00007ffe047f9000 	C:\WINDOWS\WinSxS\amd64_microsoft.windows.common-controls_6595b64144ccf1df_6.0.16299.371_none_15c7d1789365a290\COMCTL32.dll
0x00007ffe12e10000 - 0x00007ffe13118000 	C:\WINDOWS\System32\combase.dll
0x00007ffe12000000 - 0x00007ffe12072000 	C:\WINDOWS\System32\bcryptPrimitives.dll
0x00007ffe12930000 - 0x00007ffe1295d000 	C:\WINDOWS\System32\IMM32.DLL
0x0000000071420000 - 0x00000000714f2000 	C:\Program Files\Java\jdk1.8.0_144\jre\bin\msvcr100.dll
0x0000000070b80000 - 0x000000007141d000 	C:\Program Files\Java\jdk1.8.0_144\jre\bin\server\jvm.dll
0x00007ffe13120000 - 0x00007ffe13128000 	C:\WINDOWS\System32\PSAPI.DLL
0x00007ffe086d0000 - 0x00007ffe086f3000 	C:\WINDOWS\SYSTEM32\WINMM.dll
0x00007ffe02ef0000 - 0x00007ffe02ef9000 	C:\WINDOWS\SYSTEM32\WSOCK32.dll
0x00007ffe100f0000 - 0x00007ffe100fa000 	C:\WINDOWS\SYSTEM32\VERSION.dll
0x00007ffe138e0000 - 0x00007ffe1394c000 	C:\WINDOWS\System32\WS2_32.dll
0x00007ffe08670000 - 0x00007ffe0869a000 	C:\WINDOWS\SYSTEM32\WINMMBASE.dll
0x00007ffe12080000 - 0x00007ffe120ca000 	C:\WINDOWS\System32\cfgmgr32.dll
0x0000000070b70000 - 0x0000000070b7f000 	C:\Program Files\Java\jdk1.8.0_144\jre\bin\verify.dll
0x0000000070b40000 - 0x0000000070b69000 	C:\Program Files\Java\jdk1.8.0_144\jre\bin\java.dll
0x0000000070b20000 - 0x0000000070b36000 	C:\Program Files\Java\jdk1.8.0_144\jre\bin\zip.dll
0x00007ffe13950000 - 0x00007ffe14d86000 	C:\WINDOWS\System32\SHELL32.dll
0x00007ffe12880000 - 0x00007ffe12926000 	C:\WINDOWS\System32\shcore.dll
0x00007ffe11490000 - 0x00007ffe11bd7000 	C:\WINDOWS\System32\windows.storage.dll
0x00007ffe14fc0000 - 0x00007ffe15011000 	C:\WINDOWS\System32\shlwapi.dll
0x00007ffe11400000 - 0x00007ffe11411000 	C:\WINDOWS\System32\kernel.appcore.dll
0x00007ffe11440000 - 0x00007ffe1148c000 	C:\WINDOWS\System32\powrprof.dll
0x00007ffe113e0000 - 0x00007ffe113fb000 	C:\WINDOWS\System32\profapi.dll
0x0000000070910000 - 0x000000007092a000 	C:\Program Files\Java\jdk1.8.0_144\jre\bin\net.dll
0x00007ffe10c70000 - 0x00007ffe10cd6000 	C:\WINDOWS\system32\mswsock.dll
0x00007ffe10a40000 - 0x00007ffe10af6000 	C:\WINDOWS\SYSTEM32\DNSAPI.dll
0x00007ffe15030000 - 0x00007ffe15038000 	C:\WINDOWS\System32\NSI.dll
0x00007ffe10a00000 - 0x00007ffe10a39000 	C:\WINDOWS\SYSTEM32\IPHLPAPI.DLL
0x00007ffe09fd0000 - 0x00007ffe09fda000 	C:\Windows\System32\rasadhlp.dll
0x00007ffe0a590000 - 0x00007ffe0a600000 	C:\WINDOWS\System32\fwpuclnt.dll
0x00007ffe10f40000 - 0x00007ffe10f65000 	C:\WINDOWS\SYSTEM32\bcrypt.dll

VM Arguments:
jvm_args: -Dfile.encoding=Cp1252 
java_command: org.eclipse.jdt.internal.junit.runner.RemoteTestRunner -version 3 -port 54758 -testLoaderClass org.eclipse.jdt.internal.junit4.runner.JUnit4TestLoader -loaderpluginname org.eclipse.jdt.junit4.runtime -classNames br.ufsc.lehmann.classifier.SMSMEllipsesClassifierTest
java_class_path (initial): C:\Users\André\git\ArtigoMSM_UFSC\artigo\target\test-classes;C:\Users\André\git\ArtigoMSM_UFSC\artigo\target\classes;C:\Users\André\git\ArtigoMSM_UFSC\ftsm\target\classes;C:\Users\André\git\ArtigoMSM_UFSC\dbutils\target\classes;C:\Users\André\git\ArtigoMSM_UFSC\tcore\target\classes;C:\Users\André\.m2\repository\joda-time\joda-time\2.9.9\joda-time-2.9.9.jar;C:\Users\André\git\ArtigoMSM_UFSC\dbutils\lib\postgresql-9.1-901.jdbc4.jar;C:\Users\André\git\Dissertacao_UFSC\msm-move\target\classes;C:\Users\André\.m2\repository\org\apache\commons\commons-csv\1.4\commons-csv-1.4.jar;C:\Users\André\.m2\repository\org\apache\commons\commons-collections4\4.1\commons-collections4-4.1.jar;C:\Users\André\.m2\repository\com\github\haifengl\smile-core\1.3.0\smile-core-1.3.0.jar;C:\Users\André\.m2\repository\com\github\haifengl\smile-data\1.3.0\smile-data-1.3.0.jar;C:\Users\André\.m2\repository\com\github\haifengl\smile-math\1.3.0\smile-math-1.3.0.jar;C:\Users\André\.m2\repository\com\github\haifengl\smile-graph\1.3.0\smile-graph-1.3.0.jar;C:\Users\André\.m2\repository\com\google\guava\guava\21.0\guava-21.0.jar;C:\Users\André\.m2\repository\org\apache\commons\commons-lang3\3.5\commons-lang3-3.5.jar;C:\Users\André\.m2\repository\org\apache\commons\commons-math3\3.6.1\commons-math3-3.6.1.jar;C:\Users\André\.m2\repository\junit\junit\4.12\junit-4.12.jar;C:\Users\André\.m2\repository\org\hamcrest\hamcrest-core\1.3\hamcrest-core-1.3.jar;C:\Users\André\.m2\repository\cc\mallet\mallet\2.0.8\mallet-2.0.8.jar;C:\Users\André\.m2\repository\org\beanshell\bsh\2.0b4\bsh-2.0b4.jar;C:\Users\André\.m2\repository\jgrapht\jgrapht\0.6.0\jgrapht-0.6.0.jar;C:\Users\André\.m2\repository\net\sf\jwordnet\jwnl\1.4_rc3\jwnl-1.4_rc3.jar;C:\Users\André\.m2\repository\net\sf\trove4j\trove4j\2.0.2\trove4j-2.0.2.jar;C:\Users\André\.m2\repository\com\googlecode\matrix-toolkits-java\mtj\0.9.14\mtj-0.9.14.jar;C:\Users\André\.m2\repository\org\jdom\jdom\1.1\jdom-1.1.jar;C:\Users\André\.m2\re
Launcher Type: SUN_STANDARD

Environment Variables:
JAVA_HOME=C:\Program Files\Java\jdk1.8.0_144
PATH=C:/Program Files/Java/jdk-10/bin/server;C:/Program Files/Java/jdk-10/bin;C:\ProgramData\Oracle\Java\javapath;C:\Program Files\NVIDIA GPU Computing Toolkit\CUDA\v8.0\bin;C:\Program Files\NVIDIA GPU Computing Toolkit\CUDA\v8.0\libnvvp;c:\program files (x86)\intel\icls client\;c:\program files\intel\icls client\;c:\windows\system32;c:\windows;c:\windows\system32\wbem;c:\windows\system32\windowspowershell\v1.0\;c:\program files (x86)\windows live\shared;c:\program files\intel\intel(r) management engine components\dal;c:\program files\intel\intel(r) management engine components\ipt;c:\program files (x86)\intel\intel(r) management engine components\dal;c:\program files (x86)\intel\intel(r) management engine components\ipt;c:\apache-maven-3.3.3\bin;c:\program files\java\jdk1.8.0_45\bin;c:\program files\openvpn\bin;C:\WINDOWS\system32;C:\WINDOWS;C:\WINDOWS\System32\Wbem;C:\WINDOWS\System32\WindowsPowerShell\v1.0\;C:\Program Files (x86)\Android\android-sdk\platform-tools;C:\Program Files (x86)\Windows Kits\10\Windows Performance Toolkit\;C:\Program Files (x86)\Microsoft Visual Studio 14.0\VC\bin;C:\Program Files\PuTTY\;C:\Program Files (x86)\NVIDIA Corporation\PhysX\Common;C:\WINDOWS\system32;C:\WINDOWS;C:\WINDOWS\System32\Wbem;C:\WINDOWS\System32\WindowsPowerShell\v1.0\;C:\Program Files (x86)\Skype\Phone\;C:\Users\André\AppData\Local\Microsoft\WindowsApps;;C:\WINDOWS\system32;
USERNAME=André
OS=Windows_NT
PROCESSOR_IDENTIFIER=Intel64 Family 6 Model 60 Stepping 3, GenuineIntel



---------------  S Y S T E M  ---------------

OS: Windows 10.0 , 64 bit Build 16299 (10.0.16299.15)

CPU:total 8 (initial active 8) (4 cores per cpu, 2 threads per core) family 6 model 60 stepping 3, cmov, cx8, fxsr, mmx, sse, sse2, sse3, ssse3, sse4.1, sse4.2, popcnt, avx, avx2, aes, clmul, erms, lzcnt, ht, tsc, tscinvbit, bmi1, bmi2

Memory: 4k page, physical 16692972k(3335020k free), swap 16692972k(5560k free)

vm_info: Java HotSpot(TM) 64-Bit Server VM (25.144-b01) for windows-amd64 JRE (1.8.0_144-b01), built on Jul 21 2017 21:57:33 by "java_re" with MS VC++ 10.0 (VS2010)

time: Mon Apr 23 10:23:16 2018
elapsed time: 3 seconds (0d 0h 0m 3s)

